2025-03-16 04:13:44,654 - INFO: ===== STOCK DATA COLLECTION =====
2025-03-16 04:13:44,654 - INFO: Starting stock data collection process...
2025-03-16 04:13:44,654 - INFO: Fetching AAPL (attempt 1/3)...
2025-03-16 04:13:44,921 - INFO: ✓ Successfully fetched 2513 rows for AAPL
2025-03-16 04:13:45,923 - INFO: Fetching MSFT (attempt 1/3)...
2025-03-16 04:13:46,097 - INFO: ✓ Successfully fetched 2513 rows for MSFT
2025-03-16 04:13:47,099 - INFO: Fetching GOOGL (attempt 1/3)...
2025-03-16 04:13:47,271 - INFO: ✓ Successfully fetched 2513 rows for GOOGL
2025-03-16 04:13:48,272 - INFO: Fetching AMZN (attempt 1/3)...
2025-03-16 04:13:48,425 - INFO: ✓ Successfully fetched 2513 rows for AMZN
2025-03-16 04:13:49,426 - INFO: Fetching TSLA (attempt 1/3)...
2025-03-16 04:13:49,561 - INFO: ✓ Successfully fetched 2513 rows for TSLA
2025-03-16 04:13:50,563 - INFO: Fetching NVDA (attempt 1/3)...
2025-03-16 04:13:50,785 - INFO: ✓ Successfully fetched 2513 rows for NVDA
2025-03-16 04:13:51,786 - INFO: Fetching META (attempt 1/3)...
2025-03-16 04:13:51,925 - INFO: ✓ Successfully fetched 2513 rows for META
2025-03-16 04:13:52,926 - INFO: Fetching JPM (attempt 1/3)...
2025-03-16 04:13:53,155 - INFO: ✓ Successfully fetched 2513 rows for JPM
2025-03-16 04:13:54,157 - INFO: Fetching V (attempt 1/3)...
2025-03-16 04:13:54,327 - INFO: ✓ Successfully fetched 2513 rows for V
2025-03-16 04:13:55,328 - INFO: Fetching PG (attempt 1/3)...
2025-03-16 04:13:55,674 - INFO: ✓ Successfully fetched 2513 rows for PG
2025-03-16 04:13:56,675 - INFO: Fetching MA (attempt 1/3)...
2025-03-16 04:13:56,850 - INFO: ✓ Successfully fetched 2513 rows for MA
2025-03-16 04:13:57,851 - INFO: Fetching HD (attempt 1/3)...
2025-03-16 04:13:58,095 - INFO: ✓ Successfully fetched 2513 rows for HD
2025-03-16 04:13:59,096 - INFO: Fetching CVX (attempt 1/3)...
2025-03-16 04:13:59,417 - INFO: ✓ Successfully fetched 2513 rows for CVX
2025-03-16 04:14:00,418 - INFO: Fetching MRK (attempt 1/3)...
2025-03-16 04:14:00,781 - INFO: ✓ Successfully fetched 2513 rows for MRK
2025-03-16 04:14:01,783 - INFO: Fetching ABBV (attempt 1/3)...
2025-03-16 04:14:01,954 - INFO: ✓ Successfully fetched 2513 rows for ABBV
2025-03-16 04:14:02,956 - INFO: Fetching LLY (attempt 1/3)...
2025-03-16 04:14:03,234 - INFO: ✓ Successfully fetched 2513 rows for LLY
2025-03-16 04:14:04,235 - INFO: Fetching BAC (attempt 1/3)...
2025-03-16 04:14:04,470 - INFO: ✓ Successfully fetched 2513 rows for BAC
2025-03-16 04:14:05,472 - INFO: Fetching PFE (attempt 1/3)...
2025-03-16 04:14:05,761 - INFO: ✓ Successfully fetched 2513 rows for PFE
2025-03-16 04:14:06,763 - INFO: Fetching AVGO (attempt 1/3)...
2025-03-16 04:14:06,962 - INFO: ✓ Successfully fetched 2513 rows for AVGO
2025-03-16 04:14:07,964 - INFO: Fetching KO (attempt 1/3)...
2025-03-16 04:14:08,264 - INFO: ✓ Successfully fetched 2513 rows for KO
2025-03-16 04:14:09,265 - INFO: Fetching PEP (attempt 1/3)...
2025-03-16 04:14:09,528 - INFO: ✓ Successfully fetched 2513 rows for PEP
2025-03-16 04:14:10,529 - INFO: Fetching TMO (attempt 1/3)...
2025-03-16 04:14:10,768 - INFO: ✓ Successfully fetched 2513 rows for TMO
2025-03-16 04:14:11,770 - INFO: Fetching COST (attempt 1/3)...
2025-03-16 04:14:11,955 - INFO: ✓ Successfully fetched 2513 rows for COST
2025-03-16 04:14:12,956 - INFO: Fetching DIS (attempt 1/3)...
2025-03-16 04:14:13,204 - INFO: ✓ Successfully fetched 2513 rows for DIS
2025-03-16 04:14:14,205 - INFO: Fetching CSCO (attempt 1/3)...
2025-03-16 04:14:14,388 - INFO: ✓ Successfully fetched 2513 rows for CSCO
2025-03-16 04:14:15,389 - INFO: Fetching ADBE (attempt 1/3)...
2025-03-16 04:14:15,558 - INFO: ✓ Successfully fetched 2513 rows for ADBE
2025-03-16 04:14:16,559 - INFO: Fetching WFC (attempt 1/3)...
2025-03-16 04:14:16,798 - INFO: ✓ Successfully fetched 2513 rows for WFC
2025-03-16 04:14:17,799 - INFO: Fetching VZ (attempt 1/3)...
2025-03-16 04:14:18,055 - INFO: ✓ Successfully fetched 2513 rows for VZ
2025-03-16 04:14:19,056 - INFO: Fetching ACN (attempt 1/3)...
2025-03-16 04:14:19,251 - INFO: ✓ Successfully fetched 2513 rows for ACN
2025-03-16 04:14:20,252 - INFO: Fetching ABT (attempt 1/3)...
2025-03-16 04:14:20,508 - INFO: ✓ Successfully fetched 2513 rows for ABT
2025-03-16 04:14:21,509 - INFO: Fetching CRM (attempt 1/3)...
2025-03-16 04:14:21,703 - INFO: ✓ Successfully fetched 2513 rows for CRM
2025-03-16 04:14:22,704 - INFO: Fetching DHR (attempt 1/3)...
2025-03-16 04:14:22,960 - INFO: ✓ Successfully fetched 2513 rows for DHR
2025-03-16 04:14:23,962 - INFO: Fetching INTC (attempt 1/3)...
2025-03-16 04:14:24,196 - INFO: ✓ Successfully fetched 2513 rows for INTC
2025-03-16 04:14:25,197 - INFO: Fetching NFLX (attempt 1/3)...
2025-03-16 04:14:25,341 - INFO: ✓ Successfully fetched 2513 rows for NFLX
2025-03-16 04:14:26,342 - INFO: Fetching CMCSA (attempt 1/3)...
2025-03-16 04:14:26,635 - INFO: ✓ Successfully fetched 2513 rows for CMCSA
2025-03-16 04:14:27,636 - INFO: Fetching TXN (attempt 1/3)...
2025-03-16 04:14:27,943 - INFO: ✓ Successfully fetched 2513 rows for TXN
2025-03-16 04:14:28,944 - INFO: Fetching NEE (attempt 1/3)...
2025-03-16 04:14:29,233 - INFO: ✓ Successfully fetched 2513 rows for NEE
2025-03-16 04:14:30,235 - INFO: Fetching QCOM (attempt 1/3)...
2025-03-16 04:14:30,440 - INFO: ✓ Successfully fetched 2513 rows for QCOM
2025-03-16 04:14:31,441 - INFO: Fetching HON (attempt 1/3)...
2025-03-16 04:14:31,822 - INFO: ✓ Successfully fetched 2513 rows for HON
2025-03-16 04:14:32,823 - INFO: Fetching AMGN (attempt 1/3)...
2025-03-16 04:14:33,018 - INFO: ✓ Successfully fetched 2513 rows for AMGN
2025-03-16 04:14:34,019 - INFO: Fetching IBM (attempt 1/3)...
2025-03-16 04:14:34,387 - INFO: ✓ Successfully fetched 2513 rows for IBM
2025-03-16 04:14:35,389 - INFO: Fetching LOW (attempt 1/3)...
2025-03-16 04:14:35,640 - INFO: ✓ Successfully fetched 2513 rows for LOW
2025-03-16 04:14:36,641 - INFO: Fetching INTU (attempt 1/3)...
2025-03-16 04:14:36,821 - INFO: ✓ Successfully fetched 2513 rows for INTU
2025-03-16 04:14:37,823 - INFO: Fetching PM (attempt 1/3)...
2025-03-16 04:14:38,004 - INFO: ✓ Successfully fetched 2513 rows for PM
2025-03-16 04:14:39,006 - INFO: Fetching ORCL (attempt 1/3)...
2025-03-16 04:14:39,191 - INFO: ✓ Successfully fetched 2513 rows for ORCL
2025-03-16 04:14:40,192 - INFO: Fetching MCD (attempt 1/3)...
2025-03-16 04:14:40,442 - INFO: ✓ Successfully fetched 2513 rows for MCD
2025-03-16 04:14:41,444 - INFO: Fetching NKE (attempt 1/3)...
2025-03-16 04:14:41,660 - INFO: ✓ Successfully fetched 2513 rows for NKE
2025-03-16 04:14:42,661 - INFO: Fetching UNH (attempt 1/3)...
2025-03-16 04:14:42,864 - INFO: ✓ Successfully fetched 2513 rows for UNH
2025-03-16 04:14:43,865 - INFO: Fetching SBUX (attempt 1/3)...
2025-03-16 04:14:44,069 - INFO: ✓ Successfully fetched 2513 rows for SBUX
2025-03-16 04:14:45,070 - INFO: Fetching PYPL (attempt 1/3)...
2025-03-16 04:14:45,187 - INFO: ✓ Successfully fetched 2439 rows for PYPL
2025-03-16 04:14:46,532 - INFO: Data collection complete: 50 real, 0 synthetic
2025-03-16 04:14:55,469 - INFO: Saved 125576 rows to CSV: data/stock_data.csv
2025-03-16 04:15:04,059 - ERROR: Error saving data: no such column: Ticker
2025-03-16 04:15:04,059 - INFO: 🎯 Successfully processed 125576 rows for 50 stocks
2025-03-16 04:15:04,086 - INFO: Creating economic data...
2025-03-16 04:15:04,169 - INFO: Created economic data with 3651 rows
2025-03-16 04:15:04,169 - INFO: Creating sentiment data...
2025-03-16 04:15:04,201 - INFO: Created sentiment data with 3651 rows
2025-03-16 04:15:04,201 - INFO: 🎉 Data collection and generation complete!
2025-03-16 04:23:52,054 - INFO: ===== STOCK DATA COLLECTION =====
2025-03-16 04:23:52,055 - INFO: Starting stock data collection process...
2025-03-16 04:23:52,055 - INFO: Fetching AAPL (attempt 1/3)...
2025-03-16 04:23:52,312 - ERROR: 
1 Failed download:
2025-03-16 04:23:52,312 - ERROR: ['AAPL']: JSONDecodeError('Expecting value: line 1 column 1 (char 0)')
2025-03-16 04:23:52,312 - WARNING: × No data returned for AAPL
2025-03-16 04:23:52,312 - INFO: Retrying in 2 seconds...
2025-03-16 04:23:54,313 - INFO: Fetching AAPL (attempt 2/3)...
2025-03-16 04:23:54,435 - ERROR: 
1 Failed download:
2025-03-16 04:23:54,435 - ERROR: ['AAPL']: JSONDecodeError('Expecting value: line 1 column 1 (char 0)')
2025-03-16 04:23:54,435 - WARNING: × No data returned for AAPL
2025-03-16 04:23:54,435 - INFO: Retrying in 2 seconds...
2025-03-16 04:23:56,436 - INFO: Fetching AAPL (attempt 3/3)...
2025-03-16 04:23:56,558 - ERROR: 
1 Failed download:
2025-03-16 04:23:56,558 - ERROR: ['AAPL']: JSONDecodeError('Expecting value: line 1 column 1 (char 0)')
2025-03-16 04:23:56,558 - WARNING: × No data returned for AAPL
2025-03-16 04:23:56,559 - WARNING: Falling back to synthetic data for AAPL
2025-03-16 04:23:56,559 - INFO: Generating synthetic data for AAPL...
2025-03-16 04:23:56,595 - INFO: Generated synthetic data with 2607 rows for AAPL
2025-03-16 04:23:57,597 - INFO: Fetching MSFT (attempt 1/3)...
2025-03-16 04:23:57,719 - ERROR: 
1 Failed download:
2025-03-16 04:23:57,719 - ERROR: ['MSFT']: JSONDecodeError('Expecting value: line 1 column 1 (char 0)')
2025-03-16 04:23:57,720 - WARNING: × No data returned for MSFT
2025-03-16 04:23:57,720 - INFO: Retrying in 2 seconds...
2025-03-16 04:23:59,720 - INFO: Fetching MSFT (attempt 2/3)...
2025-03-16 04:23:59,842 - ERROR: 
1 Failed download:
2025-03-16 04:23:59,842 - ERROR: ['MSFT']: JSONDecodeError('Expecting value: line 1 column 1 (char 0)')
2025-03-16 04:23:59,842 - WARNING: × No data returned for MSFT
2025-03-16 04:23:59,842 - INFO: Retrying in 2 seconds...
2025-03-16 04:24:01,842 - INFO: Fetching MSFT (attempt 3/3)...
2025-03-16 04:24:01,964 - ERROR: 
1 Failed download:
2025-03-16 04:24:01,965 - ERROR: ['MSFT']: JSONDecodeError('Expecting value: line 1 column 1 (char 0)')
2025-03-16 04:24:01,965 - WARNING: × No data returned for MSFT
2025-03-16 04:24:01,965 - WARNING: Falling back to synthetic data for MSFT
2025-03-16 04:24:01,965 - INFO: Generating synthetic data for MSFT...
2025-03-16 04:24:01,995 - INFO: Generated synthetic data with 2607 rows for MSFT
2025-03-16 04:24:02,996 - INFO: Fetching GOOGL (attempt 1/3)...
2025-03-16 04:24:03,118 - ERROR: 
1 Failed download:
2025-03-16 04:24:03,118 - ERROR: ['GOOGL']: JSONDecodeError('Expecting value: line 1 column 1 (char 0)')
2025-03-16 04:24:03,118 - WARNING: × No data returned for GOOGL
2025-03-16 04:24:03,118 - INFO: Retrying in 2 seconds...
2025-03-16 04:24:05,119 - INFO: Fetching GOOGL (attempt 2/3)...
2025-03-16 04:24:05,251 - ERROR: 
1 Failed download:
2025-03-16 04:24:05,251 - ERROR: ['GOOGL']: JSONDecodeError('Expecting value: line 1 column 1 (char 0)')
2025-03-16 04:24:05,252 - WARNING: × No data returned for GOOGL
2025-03-16 04:24:05,252 - INFO: Retrying in 2 seconds...
2025-03-16 04:24:07,252 - INFO: Fetching GOOGL (attempt 3/3)...
2025-03-16 04:24:07,374 - ERROR: 
1 Failed download:
2025-03-16 04:24:07,374 - ERROR: ['GOOGL']: JSONDecodeError('Expecting value: line 1 column 1 (char 0)')
2025-03-16 04:24:07,374 - WARNING: × No data returned for GOOGL
2025-03-16 04:24:07,374 - WARNING: Falling back to synthetic data for GOOGL
2025-03-16 04:24:07,374 - INFO: Generating synthetic data for GOOGL...
2025-03-16 04:24:07,407 - INFO: Generated synthetic data with 2607 rows for GOOGL
2025-03-16 04:24:08,408 - INFO: Fetching AMZN (attempt 1/3)...
2025-03-16 04:24:08,530 - ERROR: 
1 Failed download:
2025-03-16 04:24:08,530 - ERROR: ['AMZN']: JSONDecodeError('Expecting value: line 1 column 1 (char 0)')
2025-03-16 04:24:08,530 - WARNING: × No data returned for AMZN
2025-03-16 04:24:08,530 - INFO: Retrying in 2 seconds...
2025-03-16 04:24:10,530 - INFO: Fetching AMZN (attempt 2/3)...
2025-03-16 04:24:10,653 - ERROR: 
1 Failed download:
2025-03-16 04:24:10,653 - ERROR: ['AMZN']: JSONDecodeError('Expecting value: line 1 column 1 (char 0)')
2025-03-16 04:24:10,653 - WARNING: × No data returned for AMZN
2025-03-16 04:24:10,653 - INFO: Retrying in 2 seconds...
2025-03-16 04:24:12,654 - INFO: Fetching AMZN (attempt 3/3)...
2025-03-16 04:24:12,775 - ERROR: 
1 Failed download:
2025-03-16 04:24:12,776 - ERROR: ['AMZN']: JSONDecodeError('Expecting value: line 1 column 1 (char 0)')
2025-03-16 04:24:12,776 - WARNING: × No data returned for AMZN
2025-03-16 04:24:12,776 - WARNING: Falling back to synthetic data for AMZN
2025-03-16 04:24:12,776 - INFO: Generating synthetic data for AMZN...
2025-03-16 04:24:12,813 - INFO: Generated synthetic data with 2607 rows for AMZN
2025-03-16 04:24:13,814 - INFO: Fetching TSLA (attempt 1/3)...
2025-03-16 04:24:13,945 - ERROR: 
1 Failed download:
2025-03-16 04:24:13,946 - ERROR: ['TSLA']: JSONDecodeError('Expecting value: line 1 column 1 (char 0)')
2025-03-16 04:24:13,946 - WARNING: × No data returned for TSLA
2025-03-16 04:24:13,946 - INFO: Retrying in 2 seconds...
2025-03-16 04:24:15,946 - INFO: Fetching TSLA (attempt 2/3)...
2025-03-16 04:24:16,069 - ERROR: 
1 Failed download:
2025-03-16 04:24:16,069 - ERROR: ['TSLA']: JSONDecodeError('Expecting value: line 1 column 1 (char 0)')
2025-03-16 04:24:16,069 - WARNING: × No data returned for TSLA
2025-03-16 04:24:16,069 - INFO: Retrying in 2 seconds...
2025-03-16 04:24:18,069 - INFO: Fetching TSLA (attempt 3/3)...
2025-03-16 04:24:18,192 - ERROR: 
1 Failed download:
2025-03-16 04:24:18,192 - ERROR: ['TSLA']: JSONDecodeError('Expecting value: line 1 column 1 (char 0)')
2025-03-16 04:24:18,192 - WARNING: × No data returned for TSLA
2025-03-16 04:24:18,192 - WARNING: Falling back to synthetic data for TSLA
2025-03-16 04:24:18,192 - INFO: Generating synthetic data for TSLA...
2025-03-16 04:24:18,224 - INFO: Generated synthetic data with 2607 rows for TSLA
2025-03-16 04:24:19,225 - INFO: Fetching NVDA (attempt 1/3)...
2025-03-16 04:24:19,347 - ERROR: 
1 Failed download:
2025-03-16 04:24:19,347 - ERROR: ['NVDA']: JSONDecodeError('Expecting value: line 1 column 1 (char 0)')
2025-03-16 04:24:19,347 - WARNING: × No data returned for NVDA
2025-03-16 04:24:19,347 - INFO: Retrying in 2 seconds...
2025-03-16 04:24:21,347 - INFO: Fetching NVDA (attempt 2/3)...
2025-03-16 04:24:21,471 - ERROR: 
1 Failed download:
2025-03-16 04:24:21,471 - ERROR: ['NVDA']: JSONDecodeError('Expecting value: line 1 column 1 (char 0)')
2025-03-16 04:24:21,472 - WARNING: × No data returned for NVDA
2025-03-16 04:24:21,472 - INFO: Retrying in 2 seconds...
2025-03-16 04:24:23,472 - INFO: Fetching NVDA (attempt 3/3)...
2025-03-16 04:24:23,595 - ERROR: 
1 Failed download:
2025-03-16 04:24:23,595 - ERROR: ['NVDA']: JSONDecodeError('Expecting value: line 1 column 1 (char 0)')
2025-03-16 04:24:23,595 - WARNING: × No data returned for NVDA
2025-03-16 04:24:23,595 - WARNING: Falling back to synthetic data for NVDA
2025-03-16 04:24:23,595 - INFO: Generating synthetic data for NVDA...
2025-03-16 04:24:23,626 - INFO: Generated synthetic data with 2607 rows for NVDA
2025-03-16 04:24:24,627 - INFO: Fetching META (attempt 1/3)...
2025-03-16 04:24:24,748 - ERROR: 
1 Failed download:
2025-03-16 04:24:24,748 - ERROR: ['META']: JSONDecodeError('Expecting value: line 1 column 1 (char 0)')
2025-03-16 04:24:24,749 - WARNING: × No data returned for META
2025-03-16 04:24:24,749 - INFO: Retrying in 2 seconds...
2025-03-16 04:24:26,749 - INFO: Fetching META (attempt 2/3)...
2025-03-16 04:24:26,871 - ERROR: 
1 Failed download:
2025-03-16 04:24:26,871 - ERROR: ['META']: JSONDecodeError('Expecting value: line 1 column 1 (char 0)')
2025-03-16 04:24:26,871 - WARNING: × No data returned for META
2025-03-16 04:24:26,871 - INFO: Retrying in 2 seconds...
2025-03-16 04:24:28,871 - INFO: Fetching META (attempt 3/3)...
2025-03-16 04:24:28,993 - ERROR: 
1 Failed download:
2025-03-16 04:24:28,993 - ERROR: ['META']: JSONDecodeError('Expecting value: line 1 column 1 (char 0)')
2025-03-16 04:24:28,993 - WARNING: × No data returned for META
2025-03-16 04:24:28,994 - WARNING: Falling back to synthetic data for META
2025-03-16 04:24:28,994 - INFO: Generating synthetic data for META...
2025-03-16 04:24:29,024 - INFO: Generated synthetic data with 2607 rows for META
2025-03-16 04:24:30,025 - INFO: Fetching JPM (attempt 1/3)...
2025-03-16 04:24:30,158 - ERROR: 
1 Failed download:
2025-03-16 04:24:30,158 - ERROR: ['JPM']: JSONDecodeError('Expecting value: line 1 column 1 (char 0)')
2025-03-16 04:24:30,158 - WARNING: × No data returned for JPM
2025-03-16 04:24:30,158 - INFO: Retrying in 2 seconds...
2025-03-16 04:24:32,158 - INFO: Fetching JPM (attempt 2/3)...
2025-03-16 04:24:32,280 - ERROR: 
1 Failed download:
2025-03-16 04:24:32,280 - ERROR: ['JPM']: JSONDecodeError('Expecting value: line 1 column 1 (char 0)')
2025-03-16 04:24:32,280 - WARNING: × No data returned for JPM
2025-03-16 04:24:32,280 - INFO: Retrying in 2 seconds...
2025-03-16 04:24:34,280 - INFO: Fetching JPM (attempt 3/3)...
2025-03-16 04:24:34,403 - ERROR: 
1 Failed download:
2025-03-16 04:24:34,403 - ERROR: ['JPM']: JSONDecodeError('Expecting value: line 1 column 1 (char 0)')
2025-03-16 04:24:34,403 - WARNING: × No data returned for JPM
2025-03-16 04:24:34,403 - WARNING: Falling back to synthetic data for JPM
2025-03-16 04:24:34,403 - INFO: Generating synthetic data for JPM...
2025-03-16 04:24:34,433 - INFO: Generated synthetic data with 2607 rows for JPM
2025-03-16 04:24:35,434 - INFO: Fetching V (attempt 1/3)...
2025-03-16 04:24:35,557 - ERROR: 
1 Failed download:
2025-03-16 04:24:35,557 - ERROR: ['V']: JSONDecodeError('Expecting value: line 1 column 1 (char 0)')
2025-03-16 04:24:35,557 - WARNING: × No data returned for V
2025-03-16 04:24:35,557 - INFO: Retrying in 2 seconds...
2025-03-16 04:24:37,557 - INFO: Fetching V (attempt 2/3)...
2025-03-16 04:24:37,680 - ERROR: 
1 Failed download:
2025-03-16 04:24:37,680 - ERROR: ['V']: JSONDecodeError('Expecting value: line 1 column 1 (char 0)')
2025-03-16 04:24:37,680 - WARNING: × No data returned for V
2025-03-16 04:24:37,681 - INFO: Retrying in 2 seconds...
2025-03-16 04:24:39,681 - INFO: Fetching V (attempt 3/3)...
2025-03-16 04:24:39,804 - ERROR: 
1 Failed download:
2025-03-16 04:24:39,804 - ERROR: ['V']: JSONDecodeError('Expecting value: line 1 column 1 (char 0)')
2025-03-16 04:24:39,804 - WARNING: × No data returned for V
2025-03-16 04:24:39,804 - WARNING: Falling back to synthetic data for V
2025-03-16 04:24:39,804 - INFO: Generating synthetic data for V...
2025-03-16 04:24:39,835 - INFO: Generated synthetic data with 2607 rows for V
2025-03-16 04:24:40,836 - INFO: Fetching PG (attempt 1/3)...
2025-03-16 04:24:40,958 - ERROR: 
1 Failed download:
2025-03-16 04:24:40,958 - ERROR: ['PG']: JSONDecodeError('Expecting value: line 1 column 1 (char 0)')
2025-03-16 04:24:40,958 - WARNING: × No data returned for PG
2025-03-16 04:24:40,958 - INFO: Retrying in 2 seconds...
2025-03-16 04:24:42,959 - INFO: Fetching PG (attempt 2/3)...
2025-03-16 04:24:43,090 - ERROR: 
1 Failed download:
2025-03-16 04:24:43,091 - ERROR: ['PG']: JSONDecodeError('Expecting value: line 1 column 1 (char 0)')
2025-03-16 04:24:43,091 - WARNING: × No data returned for PG
2025-03-16 04:24:43,091 - INFO: Retrying in 2 seconds...
2025-03-16 04:24:45,091 - INFO: Fetching PG (attempt 3/3)...
2025-03-16 04:24:45,213 - ERROR: 
1 Failed download:
2025-03-16 04:24:45,213 - ERROR: ['PG']: JSONDecodeError('Expecting value: line 1 column 1 (char 0)')
2025-03-16 04:24:45,213 - WARNING: × No data returned for PG
2025-03-16 04:24:45,214 - WARNING: Falling back to synthetic data for PG
2025-03-16 04:24:45,214 - INFO: Generating synthetic data for PG...
2025-03-16 04:24:45,244 - INFO: Generated synthetic data with 2607 rows for PG
2025-03-16 04:24:46,245 - INFO: Fetching MA (attempt 1/3)...
2025-03-16 04:24:46,377 - ERROR: 
1 Failed download:
2025-03-16 04:24:46,377 - ERROR: ['MA']: JSONDecodeError('Expecting value: line 1 column 1 (char 0)')
2025-03-16 04:24:46,377 - WARNING: × No data returned for MA
2025-03-16 04:24:46,378 - INFO: Retrying in 2 seconds...
2025-03-16 04:24:48,378 - INFO: Fetching MA (attempt 2/3)...
2025-03-16 04:24:48,479 - ERROR: 
1 Failed download:
2025-03-16 04:24:48,480 - ERROR: ['MA']: JSONDecodeError('Expecting value: line 1 column 1 (char 0)')
2025-03-16 04:24:48,480 - WARNING: × No data returned for MA
2025-03-16 04:24:48,480 - INFO: Retrying in 2 seconds...
2025-03-16 04:24:50,483 - INFO: Fetching MA (attempt 3/3)...
2025-03-16 04:24:50,618 - ERROR: 
1 Failed download:
2025-03-16 04:24:50,618 - ERROR: ['MA']: JSONDecodeError('Expecting value: line 1 column 1 (char 0)')
2025-03-16 04:24:50,618 - WARNING: × No data returned for MA
2025-03-16 04:24:50,618 - WARNING: Falling back to synthetic data for MA
2025-03-16 04:24:50,618 - INFO: Generating synthetic data for MA...
2025-03-16 04:24:50,648 - INFO: Generated synthetic data with 2607 rows for MA
2025-03-16 04:24:51,649 - INFO: Fetching HD (attempt 1/3)...
2025-03-16 04:24:51,784 - ERROR: 
1 Failed download:
2025-03-16 04:24:51,784 - ERROR: ['HD']: JSONDecodeError('Expecting value: line 1 column 1 (char 0)')
2025-03-16 04:24:51,784 - WARNING: × No data returned for HD
2025-03-16 04:24:51,784 - INFO: Retrying in 2 seconds...
2025-03-16 04:24:53,784 - INFO: Fetching HD (attempt 2/3)...
2025-03-16 04:24:53,936 - ERROR: 
1 Failed download:
2025-03-16 04:24:53,937 - ERROR: ['HD']: JSONDecodeError('Expecting value: line 1 column 1 (char 0)')
2025-03-16 04:24:53,937 - WARNING: × No data returned for HD
2025-03-16 04:24:53,937 - INFO: Retrying in 2 seconds...
2025-03-16 04:24:55,937 - INFO: Fetching HD (attempt 3/3)...
2025-03-16 04:24:56,049 - ERROR: 
1 Failed download:
2025-03-16 04:24:56,049 - ERROR: ['HD']: JSONDecodeError('Expecting value: line 1 column 1 (char 0)')
2025-03-16 04:24:56,050 - WARNING: × No data returned for HD
2025-03-16 04:24:56,050 - WARNING: Falling back to synthetic data for HD
2025-03-16 04:24:56,050 - INFO: Generating synthetic data for HD...
2025-03-16 04:24:56,081 - INFO: Generated synthetic data with 2607 rows for HD
2025-03-16 04:24:57,082 - INFO: Fetching CVX (attempt 1/3)...
2025-03-16 04:24:57,206 - ERROR: 
1 Failed download:
2025-03-16 04:24:57,206 - ERROR: ['CVX']: JSONDecodeError('Expecting value: line 1 column 1 (char 0)')
2025-03-16 04:24:57,206 - WARNING: × No data returned for CVX
2025-03-16 04:24:57,206 - INFO: Retrying in 2 seconds...
2025-03-16 04:24:59,206 - INFO: Fetching CVX (attempt 2/3)...
2025-03-16 04:24:59,328 - ERROR: 
1 Failed download:
2025-03-16 04:24:59,328 - ERROR: ['CVX']: JSONDecodeError('Expecting value: line 1 column 1 (char 0)')
2025-03-16 04:24:59,329 - WARNING: × No data returned for CVX
2025-03-16 04:24:59,329 - INFO: Retrying in 2 seconds...
2025-03-16 04:25:01,329 - INFO: Fetching CVX (attempt 3/3)...
2025-03-16 04:25:01,462 - ERROR: 
1 Failed download:
2025-03-16 04:25:01,462 - ERROR: ['CVX']: JSONDecodeError('Expecting value: line 1 column 1 (char 0)')
2025-03-16 04:25:01,462 - WARNING: × No data returned for CVX
2025-03-16 04:25:01,463 - WARNING: Falling back to synthetic data for CVX
2025-03-16 04:25:01,463 - INFO: Generating synthetic data for CVX...
2025-03-16 04:25:01,526 - INFO: Generated synthetic data with 2607 rows for CVX
2025-03-16 04:25:02,530 - INFO: Fetching MRK (attempt 1/3)...
2025-03-16 04:25:02,652 - ERROR: 
1 Failed download:
2025-03-16 04:25:02,653 - ERROR: ['MRK']: JSONDecodeError('Expecting value: line 1 column 1 (char 0)')
2025-03-16 04:25:02,653 - WARNING: × No data returned for MRK
2025-03-16 04:25:02,653 - INFO: Retrying in 2 seconds...
2025-03-16 04:25:04,653 - INFO: Fetching MRK (attempt 2/3)...
2025-03-16 04:25:04,775 - ERROR: 
1 Failed download:
2025-03-16 04:25:04,776 - ERROR: ['MRK']: JSONDecodeError('Expecting value: line 1 column 1 (char 0)')
2025-03-16 04:25:04,776 - WARNING: × No data returned for MRK
2025-03-16 04:25:04,776 - INFO: Retrying in 2 seconds...
2025-03-16 04:25:06,776 - INFO: Fetching MRK (attempt 3/3)...
2025-03-16 04:25:06,909 - ERROR: 
1 Failed download:
2025-03-16 04:25:06,909 - ERROR: ['MRK']: JSONDecodeError('Expecting value: line 1 column 1 (char 0)')
2025-03-16 04:25:06,910 - WARNING: × No data returned for MRK
2025-03-16 04:25:06,910 - WARNING: Falling back to synthetic data for MRK
2025-03-16 04:25:06,910 - INFO: Generating synthetic data for MRK...
2025-03-16 04:25:06,941 - INFO: Generated synthetic data with 2607 rows for MRK
2025-03-16 04:25:07,942 - INFO: Fetching ABBV (attempt 1/3)...
2025-03-16 04:25:08,074 - ERROR: 
1 Failed download:
2025-03-16 04:25:08,074 - ERROR: ['ABBV']: JSONDecodeError('Expecting value: line 1 column 1 (char 0)')
2025-03-16 04:25:08,074 - WARNING: × No data returned for ABBV
2025-03-16 04:25:08,074 - INFO: Retrying in 2 seconds...
2025-03-16 04:25:10,075 - INFO: Fetching ABBV (attempt 2/3)...
2025-03-16 04:25:10,195 - ERROR: 
1 Failed download:
2025-03-16 04:25:10,195 - ERROR: ['ABBV']: JSONDecodeError('Expecting value: line 1 column 1 (char 0)')
2025-03-16 04:25:10,195 - WARNING: × No data returned for ABBV
2025-03-16 04:25:10,196 - INFO: Retrying in 2 seconds...
2025-03-16 04:25:12,196 - INFO: Fetching ABBV (attempt 3/3)...
2025-03-16 04:25:12,318 - ERROR: 
1 Failed download:
2025-03-16 04:25:12,318 - ERROR: ['ABBV']: JSONDecodeError('Expecting value: line 1 column 1 (char 0)')
2025-03-16 04:25:12,318 - WARNING: × No data returned for ABBV
2025-03-16 04:25:12,319 - WARNING: Falling back to synthetic data for ABBV
2025-03-16 04:25:12,319 - INFO: Generating synthetic data for ABBV...
2025-03-16 04:25:12,352 - INFO: Generated synthetic data with 2607 rows for ABBV
2025-03-16 04:25:13,353 - INFO: Fetching LLY (attempt 1/3)...
2025-03-16 04:25:13,485 - ERROR: 
1 Failed download:
2025-03-16 04:25:13,485 - ERROR: ['LLY']: JSONDecodeError('Expecting value: line 1 column 1 (char 0)')
2025-03-16 04:25:13,485 - WARNING: × No data returned for LLY
2025-03-16 04:25:13,485 - INFO: Retrying in 2 seconds...
2025-03-16 04:25:15,486 - INFO: Fetching LLY (attempt 2/3)...
2025-03-16 04:25:15,608 - ERROR: 
1 Failed download:
2025-03-16 04:25:15,608 - ERROR: ['LLY']: JSONDecodeError('Expecting value: line 1 column 1 (char 0)')
2025-03-16 04:25:15,608 - WARNING: × No data returned for LLY
2025-03-16 04:25:15,608 - INFO: Retrying in 2 seconds...
2025-03-16 04:25:17,609 - INFO: Fetching LLY (attempt 3/3)...
2025-03-16 04:25:17,730 - ERROR: 
1 Failed download:
2025-03-16 04:25:17,730 - ERROR: ['LLY']: JSONDecodeError('Expecting value: line 1 column 1 (char 0)')
2025-03-16 04:25:17,731 - WARNING: × No data returned for LLY
2025-03-16 04:25:17,731 - WARNING: Falling back to synthetic data for LLY
2025-03-16 04:25:17,731 - INFO: Generating synthetic data for LLY...
2025-03-16 04:25:17,761 - INFO: Generated synthetic data with 2607 rows for LLY
2025-03-16 04:25:18,762 - INFO: Fetching BAC (attempt 1/3)...
2025-03-16 04:25:18,885 - ERROR: 
1 Failed download:
2025-03-16 04:25:18,885 - ERROR: ['BAC']: JSONDecodeError('Expecting value: line 1 column 1 (char 0)')
2025-03-16 04:25:18,885 - WARNING: × No data returned for BAC
2025-03-16 04:25:18,885 - INFO: Retrying in 2 seconds...
2025-03-16 04:25:20,885 - INFO: Fetching BAC (attempt 2/3)...
2025-03-16 04:25:21,008 - ERROR: 
1 Failed download:
2025-03-16 04:25:21,008 - ERROR: ['BAC']: JSONDecodeError('Expecting value: line 1 column 1 (char 0)')
2025-03-16 04:25:21,008 - WARNING: × No data returned for BAC
2025-03-16 04:25:21,008 - INFO: Retrying in 2 seconds...
2025-03-16 04:25:23,008 - INFO: Fetching BAC (attempt 3/3)...
2025-03-16 04:25:23,130 - ERROR: 
1 Failed download:
2025-03-16 04:25:23,130 - ERROR: ['BAC']: JSONDecodeError('Expecting value: line 1 column 1 (char 0)')
2025-03-16 04:25:23,131 - WARNING: × No data returned for BAC
2025-03-16 04:25:23,131 - WARNING: Falling back to synthetic data for BAC
2025-03-16 04:25:23,131 - INFO: Generating synthetic data for BAC...
2025-03-16 04:25:23,161 - INFO: Generated synthetic data with 2607 rows for BAC
2025-03-16 04:25:24,162 - INFO: Fetching PFE (attempt 1/3)...
2025-03-16 04:25:24,304 - ERROR: 
1 Failed download:
2025-03-16 04:25:24,305 - ERROR: ['PFE']: JSONDecodeError('Expecting value: line 1 column 1 (char 0)')
2025-03-16 04:25:24,305 - WARNING: × No data returned for PFE
2025-03-16 04:25:24,305 - INFO: Retrying in 2 seconds...
2025-03-16 04:25:26,305 - INFO: Fetching PFE (attempt 2/3)...
2025-03-16 04:25:26,427 - ERROR: 
1 Failed download:
2025-03-16 04:25:26,427 - ERROR: ['PFE']: JSONDecodeError('Expecting value: line 1 column 1 (char 0)')
2025-03-16 04:25:26,427 - WARNING: × No data returned for PFE
2025-03-16 04:25:26,427 - INFO: Retrying in 2 seconds...
2025-03-16 04:25:28,427 - INFO: Fetching PFE (attempt 3/3)...
2025-03-16 04:25:28,549 - ERROR: 
1 Failed download:
2025-03-16 04:25:28,549 - ERROR: ['PFE']: JSONDecodeError('Expecting value: line 1 column 1 (char 0)')
2025-03-16 04:25:28,549 - WARNING: × No data returned for PFE
2025-03-16 04:25:28,550 - WARNING: Falling back to synthetic data for PFE
2025-03-16 04:25:28,550 - INFO: Generating synthetic data for PFE...
2025-03-16 04:25:28,580 - INFO: Generated synthetic data with 2607 rows for PFE
2025-03-16 04:25:29,581 - INFO: Fetching AVGO (attempt 1/3)...
2025-03-16 04:25:29,703 - ERROR: 
1 Failed download:
2025-03-16 04:25:29,703 - ERROR: ['AVGO']: JSONDecodeError('Expecting value: line 1 column 1 (char 0)')
2025-03-16 04:25:29,704 - WARNING: × No data returned for AVGO
2025-03-16 04:25:29,704 - INFO: Retrying in 2 seconds...
